CRITICAL - 2026-04-19 00:19:12 --> Invalid file: "contenido/crud_reserva/crear.php"
in SYSTEMPATH\Exceptions\FrameworkException.php on line 33.
 1 SYSTEMPATH\View\View.php(201): CodeIgniter\Exceptions\FrameworkException::forInvalidFile('contenido/crud_reserva/crear.php')
 2 SYSTEMPATH\Common.php(1184): CodeIgniter\View\View->render('contenido/crud_reserva/crear', [], true)
 3 APPPATH\Controllers\ReservaController.php(24): view('contenido/crud_reserva/crear')
 4 SYSTEMPATH\CodeIgniter.php(934): App\Controllers\ReservaController->crear()
 5 SYSTEMPATH\CodeIgniter.php(499): CodeIgniter\CodeIgniter->runController(Object(App\Controllers\ReservaController))
 6 SYSTEMPATH\CodeIgniter.php(368): CodeIgniter\CodeIgniter->handleRequest(null, Object(Config\Cache), false)
 7 FCPATH\index.php(67): CodeIgniter\CodeIgniter->run()
CRITICAL - 2026-04-19 00:29:48 --> Invalid file: "contenido/crud_reserva/alta_reserva.php"
in SYSTEMPATH\Exceptions\FrameworkException.php on line 33.
 1 SYSTEMPATH\View\View.php(201): CodeIgniter\Exceptions\FrameworkException::forInvalidFile('contenido/crud_reserva/alta_reserva.php')
 2 SYSTEMPATH\Common.php(1184): CodeIgniter\View\View->render('contenido/crud_reserva/alta_reserva', [], true)
 3 APPPATH\Controllers\ReservaController.php(24): view('contenido/crud_reserva/alta_reserva')
 4 SYSTEMPATH\CodeIgniter.php(934): App\Controllers\ReservaController->crear()
 5 SYSTEMPATH\CodeIgniter.php(499): CodeIgniter\CodeIgniter->runController(Object(App\Controllers\ReservaController))
 6 SYSTEMPATH\CodeIgniter.php(368): CodeIgniter\CodeIgniter->handleRequest(null, Object(Config\Cache), false)
 7 FCPATH\index.php(67): CodeIgniter\CodeIgniter->run()
CRITICAL - 2026-04-19 00:31:15 --> Invalid file: "contenido/crud_reserva/alta_reserva.php"
in SYSTEMPATH\Exceptions\FrameworkException.php on line 33.
 1 SYSTEMPATH\View\View.php(201): CodeIgniter\Exceptions\FrameworkException::forInvalidFile('contenido/crud_reserva/alta_reserva.php')
 2 SYSTEMPATH\Common.php(1184): CodeIgniter\View\View->render('contenido/crud_reserva/alta_reserva', [], true)
 3 APPPATH\Controllers\ReservaController.php(24): view('contenido/crud_reserva/alta_reserva')
 4 SYSTEMPATH\CodeIgniter.php(934): App\Controllers\ReservaController->crear()
 5 SYSTEMPATH\CodeIgniter.php(499): CodeIgniter\CodeIgniter->runController(Object(App\Controllers\ReservaController))
 6 SYSTEMPATH\CodeIgniter.php(368): CodeIgniter\CodeIgniter->handleRequest(null, Object(Config\Cache), false)
 7 FCPATH\index.php(67): CodeIgniter\CodeIgniter->run()
CRITICAL - 2026-04-19 00:32:03 --> Invalid file: "contenido/crud_reserva/alta_reserva.php"
in SYSTEMPATH\Exceptions\FrameworkException.php on line 33.
 1 SYSTEMPATH\View\View.php(201): CodeIgniter\Exceptions\FrameworkException::forInvalidFile('contenido/crud_reserva/alta_reserva.php')
 2 SYSTEMPATH\Common.php(1184): CodeIgniter\View\View->render('contenido/crud_reserva/alta_reserva', [], true)
 3 APPPATH\Controllers\ReservaController.php(24): view('contenido/crud_reserva/alta_reserva')
 4 SYSTEMPATH\CodeIgniter.php(934): App\Controllers\ReservaController->crear()
 5 SYSTEMPATH\CodeIgniter.php(499): CodeIgniter\CodeIgniter->runController(Object(App\Controllers\ReservaController))
 6 SYSTEMPATH\CodeIgniter.php(368): CodeIgniter\CodeIgniter->handleRequest(null, Object(Config\Cache), false)
 7 FCPATH\index.php(67): CodeIgniter\CodeIgniter->run()
CRITICAL - 2026-04-19 00:32:04 --> Invalid file: "contenido/crud_reserva/alta_reserva.php"
in SYSTEMPATH\Exceptions\FrameworkException.php on line 33.
 1 SYSTEMPATH\View\View.php(201): CodeIgniter\Exceptions\FrameworkException::forInvalidFile('contenido/crud_reserva/alta_reserva.php')
 2 SYSTEMPATH\Common.php(1184): CodeIgniter\View\View->render('contenido/crud_reserva/alta_reserva', [], true)
 3 APPPATH\Controllers\ReservaController.php(24): view('contenido/crud_reserva/alta_reserva')
 4 SYSTEMPATH\CodeIgniter.php(934): App\Controllers\ReservaController->crear()
 5 SYSTEMPATH\CodeIgniter.php(499): CodeIgniter\CodeIgniter->runController(Object(App\Controllers\ReservaController))
 6 SYSTEMPATH\CodeIgniter.php(368): CodeIgniter\CodeIgniter->handleRequest(null, Object(Config\Cache), false)
 7 FCPATH\index.php(67): CodeIgniter\CodeIgniter->run()
CRITICAL - 2026-04-19 00:37:05 --> Invalid file: "contenido/crud_reserva/alta_reserva.php"
in SYSTEMPATH\Exceptions\FrameworkException.php on line 33.
 1 SYSTEMPATH\View\View.php(201): CodeIgniter\Exceptions\FrameworkException::forInvalidFile('contenido/crud_reserva/alta_reserva.php')
 2 SYSTEMPATH\Common.php(1184): CodeIgniter\View\View->render('contenido/crud_reserva/alta_reserva', [], true)
 3 APPPATH\Controllers\ReservaController.php(24): view('contenido/crud_reserva/alta_reserva')
 4 SYSTEMPATH\CodeIgniter.php(934): App\Controllers\ReservaController->crear()
 5 SYSTEMPATH\CodeIgniter.php(499): CodeIgniter\CodeIgniter->runController(Object(App\Controllers\ReservaController))
 6 SYSTEMPATH\CodeIgniter.php(368): CodeIgniter\CodeIgniter->handleRequest(null, Object(Config\Cache), false)
 7 FCPATH\index.php(67): CodeIgniter\CodeIgniter->run()
CRITICAL - 2026-04-19 00:37:36 --> Invalid file: "contenido/crud_reserva/alta_reserva.php"
in SYSTEMPATH\Exceptions\FrameworkException.php on line 33.
 1 SYSTEMPATH\View\View.php(201): CodeIgniter\Exceptions\FrameworkException::forInvalidFile('contenido/crud_reserva/alta_reserva.php')
 2 SYSTEMPATH\Common.php(1184): CodeIgniter\View\View->render('contenido/crud_reserva/alta_reserva', [], true)
 3 APPPATH\Controllers\ReservaController.php(23): view('contenido/crud_reserva/alta_reserva')
 4 SYSTEMPATH\CodeIgniter.php(934): App\Controllers\ReservaController->crear()
 5 SYSTEMPATH\CodeIgniter.php(499): CodeIgniter\CodeIgniter->runController(Object(App\Controllers\ReservaController))
 6 SYSTEMPATH\CodeIgniter.php(368): CodeIgniter\CodeIgniter->handleRequest(null, Object(Config\Cache), false)
 7 FCPATH\index.php(67): CodeIgniter\CodeIgniter->run()
CRITICAL - 2026-04-19 00:37:37 --> Invalid file: "contenido/crud_reserva/alta_reserva.php"
in SYSTEMPATH\Exceptions\FrameworkException.php on line 33.
 1 SYSTEMPATH\View\View.php(201): CodeIgniter\Exceptions\FrameworkException::forInvalidFile('contenido/crud_reserva/alta_reserva.php')
 2 SYSTEMPATH\Common.php(1184): CodeIgniter\View\View->render('contenido/crud_reserva/alta_reserva', [], true)
 3 APPPATH\Controllers\ReservaController.php(23): view('contenido/crud_reserva/alta_reserva')
 4 SYSTEMPATH\CodeIgniter.php(934): App\Controllers\ReservaController->crear()
 5 SYSTEMPATH\CodeIgniter.php(499): CodeIgniter\CodeIgniter->runController(Object(App\Controllers\ReservaController))
 6 SYSTEMPATH\CodeIgniter.php(368): CodeIgniter\CodeIgniter->handleRequest(null, Object(Config\Cache), false)
 7 FCPATH\index.php(67): CodeIgniter\CodeIgniter->run()
CRITICAL - 2026-04-19 00:39:40 --> Invalid file: "contenido/crud_reserva/editar_reserva.php"
in SYSTEMPATH\Exceptions\FrameworkException.php on line 33.
 1 SYSTEMPATH\View\View.php(201): CodeIgniter\Exceptions\FrameworkException::forInvalidFile('contenido/crud_reserva/editar_reserva.php')
 2 SYSTEMPATH\Common.php(1184): CodeIgniter\View\View->render('contenido/crud_reserva/editar_reserva', [], true)
 3 APPPATH\Controllers\ReservaController.php(55): view('contenido/crud_reserva/editar_reserva', [...])
 4 SYSTEMPATH\CodeIgniter.php(934): App\Controllers\ReservaController->editar('1')
 5 SYSTEMPATH\CodeIgniter.php(499): CodeIgniter\CodeIgniter->runController(Object(App\Controllers\ReservaController))
 6 SYSTEMPATH\CodeIgniter.php(368): CodeIgniter\CodeIgniter->handleRequest(null, Object(Config\Cache), false)
 7 FCPATH\index.php(67): CodeIgniter\CodeIgniter->run()
CRITICAL - 2026-04-19 00:41:16 --> Invalid file: "contenido/crud_reserva/alta_reserva.php"
in SYSTEMPATH\Exceptions\FrameworkException.php on line 33.
 1 SYSTEMPATH\View\View.php(201): CodeIgniter\Exceptions\FrameworkException::forInvalidFile('contenido/crud_reserva/alta_reserva.php')
 2 SYSTEMPATH\Common.php(1184): CodeIgniter\View\View->render('contenido/crud_reserva/alta_reserva', [], true)
 3 APPPATH\Controllers\ReservaController.php(23): view('contenido/crud_reserva/alta_reserva')
 4 SYSTEMPATH\CodeIgniter.php(934): App\Controllers\ReservaController->crear()
 5 SYSTEMPATH\CodeIgniter.php(499): CodeIgniter\CodeIgniter->runController(Object(App\Controllers\ReservaController))
 6 SYSTEMPATH\CodeIgniter.php(368): CodeIgniter\CodeIgniter->handleRequest(null, Object(Config\Cache), false)
 7 FCPATH\index.php(67): CodeIgniter\CodeIgniter->run()
CRITICAL - 2026-04-19 00:41:41 --> Invalid file: "contenido/crud_reserva/alta_reserva.php"
in SYSTEMPATH\Exceptions\FrameworkException.php on line 33.
 1 SYSTEMPATH\View\View.php(201): CodeIgniter\Exceptions\FrameworkException::forInvalidFile('contenido/crud_reserva/alta_reserva.php')
 2 SYSTEMPATH\Common.php(1184): CodeIgniter\View\View->render('contenido/crud_reserva/alta_reserva', [], true)
 3 APPPATH\Controllers\ReservaController.php(23): view('contenido/crud_reserva/alta_reserva')
 4 SYSTEMPATH\CodeIgniter.php(934): App\Controllers\ReservaController->crear()
 5 SYSTEMPATH\CodeIgniter.php(499): CodeIgniter\CodeIgniter->runController(Object(App\Controllers\ReservaController))
 6 SYSTEMPATH\CodeIgniter.php(368): CodeIgniter\CodeIgniter->handleRequest(null, Object(Config\Cache), false)
 7 FCPATH\index.php(67): CodeIgniter\CodeIgniter->run()
CRITICAL - 2026-04-19 00:41:46 --> Invalid file: "contenido/crud_reserva/alta_reserva.php"
in SYSTEMPATH\Exceptions\FrameworkException.php on line 33.
 1 SYSTEMPATH\View\View.php(201): CodeIgniter\Exceptions\FrameworkException::forInvalidFile('contenido/crud_reserva/alta_reserva.php')
 2 SYSTEMPATH\Common.php(1184): CodeIgniter\View\View->render('contenido/crud_reserva/alta_reserva', [], true)
 3 APPPATH\Controllers\ReservaController.php(23): view('contenido/crud_reserva/alta_reserva')
 4 SYSTEMPATH\CodeIgniter.php(934): App\Controllers\ReservaController->crear()
 5 SYSTEMPATH\CodeIgniter.php(499): CodeIgniter\CodeIgniter->runController(Object(App\Controllers\ReservaController))
 6 SYSTEMPATH\CodeIgniter.php(368): CodeIgniter\CodeIgniter->handleRequest(null, Object(Config\Cache), false)
 7 FCPATH\index.php(67): CodeIgniter\CodeIgniter->run()
CRITICAL - 2026-04-19 00:42:19 --> Invalid file: "contenido/crud_reserva/alta_reserva.php"
in SYSTEMPATH\Exceptions\FrameworkException.php on line 33.
 1 SYSTEMPATH\View\View.php(201): CodeIgniter\Exceptions\FrameworkException::forInvalidFile('contenido/crud_reserva/alta_reserva.php')
 2 SYSTEMPATH\Common.php(1184): CodeIgniter\View\View->render('contenido/crud_reserva/alta_reserva', [], true)
 3 APPPATH\Controllers\ReservaController.php(23): view('contenido/crud_reserva/alta_reserva')
 4 SYSTEMPATH\CodeIgniter.php(934): App\Controllers\ReservaController->crear()
 5 SYSTEMPATH\CodeIgniter.php(499): CodeIgniter\CodeIgniter->runController(Object(App\Controllers\ReservaController))
 6 SYSTEMPATH\CodeIgniter.php(368): CodeIgniter\CodeIgniter->handleRequest(null, Object(Config\Cache), false)
 7 FCPATH\index.php(67): CodeIgniter\CodeIgniter->run()
ERROR - 2026-04-19 02:12:01 --> mysqli_sql_exception: Table 'tdc_grupo_56.tdc_grupo_56_recinto' doesn't exist in C:\xampp\htdocs\TDC_grupo_56\system\Database\MySQLi\Connection.php:295
Stack trace:
#0 C:\xampp\htdocs\TDC_grupo_56\system\Database\MySQLi\Connection.php(295): mysqli->query('INSERT INTO `td...', 0)
#1 C:\xampp\htdocs\TDC_grupo_56\system\Database\BaseConnection.php(691): CodeIgniter\Database\MySQLi\Connection->execute('INSERT INTO `td...')
#2 C:\xampp\htdocs\TDC_grupo_56\system\Database\BaseConnection.php(605): CodeIgniter\Database\BaseConnection->simpleQuery('INSERT INTO `td...')
#3 C:\xampp\htdocs\TDC_grupo_56\system\Database\BaseBuilder.php(2309): CodeIgniter\Database\BaseConnection->query('INSERT INTO `td...', Array, false)
#4 C:\xampp\htdocs\TDC_grupo_56\system\Model.php(330): CodeIgniter\Database\BaseBuilder->insert()
#5 C:\xampp\htdocs\TDC_grupo_56\system\BaseModel.php(782): CodeIgniter\Model->doInsert(Array)
#6 C:\xampp\htdocs\TDC_grupo_56\system\Model.php(730): CodeIgniter\BaseModel->insert(Array, true)
#7 C:\xampp\htdocs\TDC_grupo_56\app\Controllers\RecintoController.php(46): CodeIgniter\Model->insert(Array)
#8 C:\xampp\htdocs\TDC_grupo_56\system\CodeIgniter.php(934): App\Controllers\RecintoController->save()
#9 C:\xampp\htdocs\TDC_grupo_56\system\CodeIgniter.php(499): CodeIgniter\CodeIgniter->runController(Object(App\Controllers\RecintoController))
#10 C:\xampp\htdocs\TDC_grupo_56\system\CodeIgniter.php(368): CodeIgniter\CodeIgniter->handleRequest(NULL, Object(Config\Cache), false)
#11 C:\xampp\htdocs\TDC_grupo_56\public\index.php(67): CodeIgniter\CodeIgniter->run()
#12 {main}
CRITICAL - 2026-04-19 02:12:01 --> Table 'tdc_grupo_56.tdc_grupo_56_recinto' doesn't exist
in SYSTEMPATH\Database\BaseConnection.php on line 645.
 1 SYSTEMPATH\Database\BaseBuilder.php(2309): CodeIgniter\Database\BaseConnection->query('INSERT INTO `tdc_grupo_56_recinto` (`tarifa_hora`, `ubicacion_recinto`, `id_tipo_recinto`, `habilitado`) VALUES (:tarifa_hora:, :ubicacion_recinto:, :id_tipo_recinto:, :habilitado:)', [...], false)
 2 SYSTEMPATH\Model.php(330): CodeIgniter\Database\BaseBuilder->insert()
 3 SYSTEMPATH\BaseModel.php(782): CodeIgniter\Model->doInsert([...])
 4 SYSTEMPATH\Model.php(730): CodeIgniter\BaseModel->insert([...], true)
 5 APPPATH\Controllers\RecintoController.php(46): CodeIgniter\Model->insert([...])
 6 SYSTEMPATH\CodeIgniter.php(934): App\Controllers\RecintoController->save()
 7 SYSTEMPATH\CodeIgniter.php(499): CodeIgniter\CodeIgniter->runController(Object(App\Controllers\RecintoController))
 8 SYSTEMPATH\CodeIgniter.php(368): CodeIgniter\CodeIgniter->handleRequest(null, Object(Config\Cache), false)
 9 FCPATH\index.php(67): CodeIgniter\CodeIgniter->run()
CRITICAL - 2026-04-19 02:16:48 --> Invalid file: "contenido/recintos.php"
in SYSTEMPATH\Exceptions\FrameworkException.php on line 33.
 1 SYSTEMPATH\View\View.php(201): CodeIgniter\Exceptions\FrameworkException::forInvalidFile('contenido/recintos.php')
 2 SYSTEMPATH\Common.php(1184): CodeIgniter\View\View->render('contenido/recintos', [], true)
 3 APPPATH\Controllers\RecintoController.php(16): view('contenido/recintos', [...])
 4 SYSTEMPATH\CodeIgniter.php(934): App\Controllers\RecintoController->index()
 5 SYSTEMPATH\CodeIgniter.php(499): CodeIgniter\CodeIgniter->runController(Object(App\Controllers\RecintoController))
 6 SYSTEMPATH\CodeIgniter.php(368): CodeIgniter\CodeIgniter->handleRequest(null, Object(Config\Cache), false)
 7 FCPATH\index.php(67): CodeIgniter\CodeIgniter->run()
CRITICAL - 2026-04-19 02:20:45 --> Invalid file: "contenido/recintos.php"
in SYSTEMPATH\Exceptions\FrameworkException.php on line 33.
 1 SYSTEMPATH\View\View.php(201): CodeIgniter\Exceptions\FrameworkException::forInvalidFile('contenido/recintos.php')
 2 SYSTEMPATH\Common.php(1184): CodeIgniter\View\View->render('contenido/recintos', [], true)
 3 APPPATH\Controllers\RecintoController.php(16): view('contenido/recintos', [...])
 4 SYSTEMPATH\CodeIgniter.php(934): App\Controllers\RecintoController->index()
 5 SYSTEMPATH\CodeIgniter.php(499): CodeIgniter\CodeIgniter->runController(Object(App\Controllers\RecintoController))
 6 SYSTEMPATH\CodeIgniter.php(368): CodeIgniter\CodeIgniter->handleRequest(null, Object(Config\Cache), false)
 7 FCPATH\index.php(67): CodeIgniter\CodeIgniter->run()
CRITICAL - 2026-04-19 02:23:52 --> Invalid file: "contenido/recintos.php"
in SYSTEMPATH\Exceptions\FrameworkException.php on line 33.
 1 SYSTEMPATH\View\View.php(201): CodeIgniter\Exceptions\FrameworkException::forInvalidFile('contenido/recintos.php')
 2 SYSTEMPATH\Common.php(1184): CodeIgniter\View\View->render('contenido/recintos', [], true)
 3 APPPATH\Controllers\RecintoController.php(16): view('contenido/recintos', [...])
 4 SYSTEMPATH\CodeIgniter.php(934): App\Controllers\RecintoController->index()
 5 SYSTEMPATH\CodeIgniter.php(499): CodeIgniter\CodeIgniter->runController(Object(App\Controllers\RecintoController))
 6 SYSTEMPATH\CodeIgniter.php(368): CodeIgniter\CodeIgniter->handleRequest(null, Object(Config\Cache), false)
 7 FCPATH\index.php(67): CodeIgniter\CodeIgniter->run()
CRITICAL - 2026-04-19 02:26:23 --> Invalid file: "contenido/recintos.php"
in SYSTEMPATH\Exceptions\FrameworkException.php on line 33.
 1 SYSTEMPATH\View\View.php(201): CodeIgniter\Exceptions\FrameworkException::forInvalidFile('contenido/recintos.php')
 2 SYSTEMPATH\Common.php(1184): CodeIgniter\View\View->render('contenido/recintos', [], true)
 3 APPPATH\Controllers\RecintoController.php(16): view('contenido/recintos', [...])
 4 SYSTEMPATH\CodeIgniter.php(934): App\Controllers\RecintoController->index()
 5 SYSTEMPATH\CodeIgniter.php(499): CodeIgniter\CodeIgniter->runController(Object(App\Controllers\RecintoController))
 6 SYSTEMPATH\CodeIgniter.php(368): CodeIgniter\CodeIgniter->handleRequest(null, Object(Config\Cache), false)
 7 FCPATH\index.php(67): CodeIgniter\CodeIgniter->run()
CRITICAL - 2026-04-19 02:28:41 --> Invalid file: "contenido/recintos.php"
in SYSTEMPATH\Exceptions\FrameworkException.php on line 33.
 1 SYSTEMPATH\View\View.php(201): CodeIgniter\Exceptions\FrameworkException::forInvalidFile('contenido/recintos.php')
 2 SYSTEMPATH\Common.php(1184): CodeIgniter\View\View->render('contenido/recintos', [], true)
 3 APPPATH\Controllers\RecintoController.php(16): view('contenido/recintos', [...])
 4 SYSTEMPATH\CodeIgniter.php(934): App\Controllers\RecintoController->index()
 5 SYSTEMPATH\CodeIgniter.php(499): CodeIgniter\CodeIgniter->runController(Object(App\Controllers\RecintoController))
 6 SYSTEMPATH\CodeIgniter.php(368): CodeIgniter\CodeIgniter->handleRequest(null, Object(Config\Cache), false)
 7 FCPATH\index.php(67): CodeIgniter\CodeIgniter->run()
CRITICAL - 2026-04-19 02:29:15 --> Invalid file: "contenido/recintos.php"
in SYSTEMPATH\Exceptions\FrameworkException.php on line 33.
 1 SYSTEMPATH\View\View.php(201): CodeIgniter\Exceptions\FrameworkException::forInvalidFile('contenido/recintos.php')
 2 SYSTEMPATH\Common.php(1184): CodeIgniter\View\View->render('contenido/recintos', [], true)
 3 APPPATH\Controllers\RecintoController.php(16): view('contenido/recintos', [...])
 4 SYSTEMPATH\CodeIgniter.php(934): App\Controllers\RecintoController->index()
 5 SYSTEMPATH\CodeIgniter.php(499): CodeIgniter\CodeIgniter->runController(Object(App\Controllers\RecintoController))
 6 SYSTEMPATH\CodeIgniter.php(368): CodeIgniter\CodeIgniter->handleRequest(null, Object(Config\Cache), false)
 7 FCPATH\index.php(67): CodeIgniter\CodeIgniter->run()
CRITICAL - 2026-04-19 02:32:31 --> Invalid file: "contenido/recintos.php"
in SYSTEMPATH\Exceptions\FrameworkException.php on line 33.
 1 SYSTEMPATH\View\View.php(201): CodeIgniter\Exceptions\FrameworkException::forInvalidFile('contenido/recintos.php')
 2 SYSTEMPATH\Common.php(1184): CodeIgniter\View\View->render('contenido/recintos', [], true)
 3 APPPATH\Controllers\RecintoController.php(16): view('contenido/recintos', [...])
 4 SYSTEMPATH\CodeIgniter.php(934): App\Controllers\RecintoController->index()
 5 SYSTEMPATH\CodeIgniter.php(499): CodeIgniter\CodeIgniter->runController(Object(App\Controllers\RecintoController))
 6 SYSTEMPATH\CodeIgniter.php(368): CodeIgniter\CodeIgniter->handleRequest(null, Object(Config\Cache), false)
 7 FCPATH\index.php(67): CodeIgniter\CodeIgniter->run()
CRITICAL - 2026-04-19 02:33:59 --> Invalid file: "contenido/recintos.php"
in SYSTEMPATH\Exceptions\FrameworkException.php on line 33.
 1 SYSTEMPATH\View\View.php(201): CodeIgniter\Exceptions\FrameworkException::forInvalidFile('contenido/recintos.php')
 2 SYSTEMPATH\Common.php(1184): CodeIgniter\View\View->render('contenido/recintos', [], true)
 3 APPPATH\Controllers\RecintoController.php(16): view('contenido/recintos', [...])
 4 SYSTEMPATH\CodeIgniter.php(934): App\Controllers\RecintoController->index()
 5 SYSTEMPATH\CodeIgniter.php(499): CodeIgniter\CodeIgniter->runController(Object(App\Controllers\RecintoController))
 6 SYSTEMPATH\CodeIgniter.php(368): CodeIgniter\CodeIgniter->handleRequest(null, Object(Config\Cache), false)
 7 FCPATH\index.php(67): CodeIgniter\CodeIgniter->run()
CRITICAL - 2026-04-19 02:34:07 --> Invalid file: "contenido/recintos.php"
in SYSTEMPATH\Exceptions\FrameworkException.php on line 33.
 1 SYSTEMPATH\View\View.php(201): CodeIgniter\Exceptions\FrameworkException::forInvalidFile('contenido/recintos.php')
 2 SYSTEMPATH\Common.php(1184): CodeIgniter\View\View->render('contenido/recintos', [], true)
 3 APPPATH\Controllers\RecintoController.php(16): view('contenido/recintos', [...])
 4 SYSTEMPATH\CodeIgniter.php(934): App\Controllers\RecintoController->index()
 5 SYSTEMPATH\CodeIgniter.php(499): CodeIgniter\CodeIgniter->runController(Object(App\Controllers\RecintoController))
 6 SYSTEMPATH\CodeIgniter.php(368): CodeIgniter\CodeIgniter->handleRequest(null, Object(Config\Cache), false)
 7 FCPATH\index.php(67): CodeIgniter\CodeIgniter->run()
CRITICAL - 2026-04-19 02:35:10 --> Invalid file: "contenido/recintos.php"
in SYSTEMPATH\Exceptions\FrameworkException.php on line 33.
 1 SYSTEMPATH\View\View.php(201): CodeIgniter\Exceptions\FrameworkException::forInvalidFile('contenido/recintos.php')
 2 SYSTEMPATH\Common.php(1184): CodeIgniter\View\View->render('contenido/recintos', [], true)
 3 APPPATH\Controllers\RecintoController.php(16): view('contenido/recintos', [...])
 4 SYSTEMPATH\CodeIgniter.php(934): App\Controllers\RecintoController->index()
 5 SYSTEMPATH\CodeIgniter.php(499): CodeIgniter\CodeIgniter->runController(Object(App\Controllers\RecintoController))
 6 SYSTEMPATH\CodeIgniter.php(368): CodeIgniter\CodeIgniter->handleRequest(null, Object(Config\Cache), false)
 7 FCPATH\index.php(67): CodeIgniter\CodeIgniter->run()
CRITICAL - 2026-04-19 02:37:16 --> Invalid file: "contenido/recintos.php"
in SYSTEMPATH\Exceptions\FrameworkException.php on line 33.
 1 SYSTEMPATH\View\View.php(201): CodeIgniter\Exceptions\FrameworkException::forInvalidFile('contenido/recintos.php')
 2 SYSTEMPATH\Common.php(1184): CodeIgniter\View\View->render('contenido/recintos', [], true)
 3 APPPATH\Controllers\RecintoController.php(16): view('contenido/recintos', [...])
 4 SYSTEMPATH\CodeIgniter.php(934): App\Controllers\RecintoController->index()
 5 SYSTEMPATH\CodeIgniter.php(499): CodeIgniter\CodeIgniter->runController(Object(App\Controllers\RecintoController))
 6 SYSTEMPATH\CodeIgniter.php(368): CodeIgniter\CodeIgniter->handleRequest(null, Object(Config\Cache), false)
 7 FCPATH\index.php(67): CodeIgniter\CodeIgniter->run()
CRITICAL - 2026-04-19 02:44:11 --> Invalid file: "contenido/crud_cliente/listar_clientes.php"
in SYSTEMPATH\Exceptions\FrameworkException.php on line 33.
 1 SYSTEMPATH\View\View.php(201): CodeIgniter\Exceptions\FrameworkException::forInvalidFile('contenido/crud_cliente/listar_clientes.php')
 2 SYSTEMPATH\Common.php(1184): CodeIgniter\View\View->render('contenido/crud_cliente/listar_clientes', [], true)
 3 APPPATH\Controllers\ClienteController.php(74): view('contenido/crud_cliente/listar_clientes', [...])
 4 SYSTEMPATH\CodeIgniter.php(934): App\Controllers\ClienteController->listar()
 5 SYSTEMPATH\CodeIgniter.php(499): CodeIgniter\CodeIgniter->runController(Object(App\Controllers\ClienteController))
 6 SYSTEMPATH\CodeIgniter.php(368): CodeIgniter\CodeIgniter->handleRequest(null, Object(Config\Cache), false)
 7 FCPATH\index.php(67): CodeIgniter\CodeIgniter->run()
CRITICAL - 2026-04-19 06:21:57 --> Invalid file: "contenido/crud_cliente/listar_clientes.php"
in SYSTEMPATH\Exceptions\FrameworkException.php on line 33.
 1 SYSTEMPATH\View\View.php(201): CodeIgniter\Exceptions\FrameworkException::forInvalidFile('contenido/crud_cliente/listar_clientes.php')
 2 SYSTEMPATH\Common.php(1184): CodeIgniter\View\View->render('contenido/crud_cliente/listar_clientes', [], true)
 3 APPPATH\Controllers\ClienteController.php(74): view('contenido/crud_cliente/listar_clientes', [...])
 4 SYSTEMPATH\CodeIgniter.php(934): App\Controllers\ClienteController->listar()
 5 SYSTEMPATH\CodeIgniter.php(499): CodeIgniter\CodeIgniter->runController(Object(App\Controllers\ClienteController))
 6 SYSTEMPATH\CodeIgniter.php(368): CodeIgniter\CodeIgniter->handleRequest(null, Object(Config\Cache), false)
 7 FCPATH\index.php(67): CodeIgniter\CodeIgniter->run()
CRITICAL - 2026-04-19 07:24:04 --> Invalid file: "contenido/crud_cliente/listar_clientes.php"
in SYSTEMPATH\Exceptions\FrameworkException.php on line 33.
 1 SYSTEMPATH\View\View.php(201): CodeIgniter\Exceptions\FrameworkException::forInvalidFile('contenido/crud_cliente/listar_clientes.php')
 2 SYSTEMPATH\Common.php(1184): CodeIgniter\View\View->render('contenido/crud_cliente/listar_clientes', [], true)
 3 APPPATH\Controllers\ClienteController.php(74): view('contenido/crud_cliente/listar_clientes', [...])
 4 SYSTEMPATH\CodeIgniter.php(934): App\Controllers\ClienteController->listar()
 5 SYSTEMPATH\CodeIgniter.php(499): CodeIgniter\CodeIgniter->runController(Object(App\Controllers\ClienteController))
 6 SYSTEMPATH\CodeIgniter.php(368): CodeIgniter\CodeIgniter->handleRequest(null, Object(Config\Cache), false)
 7 FCPATH\index.php(67): CodeIgniter\CodeIgniter->run()
