CRITICAL - 2026-04-20 13:50:57 --> Namespace declaration statement has to be the very first statement or after any declare call in the script
in APPPATH\Models\ClienteModel.php on line 3.
 1 [internal function]: CodeIgniter\Debug\Exceptions->shutdownHandler()
CRITICAL - 2026-04-20 13:51:11 --> Namespace declaration statement has to be the very first statement or after any declare call in the script
in APPPATH\Models\ClienteModel.php on line 3.
 1 [internal function]: CodeIgniter\Debug\Exceptions->shutdownHandler()
CRITICAL - 2026-04-20 13:52:58 --> Namespace declaration statement has to be the very first statement or after any declare call in the script
in APPPATH\Models\ClienteModel.php on line 3.
 1 [internal function]: CodeIgniter\Debug\Exceptions->shutdownHandler()
CRITICAL - 2026-04-20 13:56:43 --> Namespace declaration statement has to be the very first statement or after any declare call in the script
in APPPATH\Models\ClienteModel.php on line 3.
 1 [internal function]: CodeIgniter\Debug\Exceptions->shutdownHandler()
CRITICAL - 2026-04-20 13:56:46 --> Namespace declaration statement has to be the very first statement or after any declare call in the script
in APPPATH\Models\ClienteModel.php on line 3.
 1 [internal function]: CodeIgniter\Debug\Exceptions->shutdownHandler()
CRITICAL - 2026-04-20 13:57:15 --> Namespace declaration statement has to be the very first statement or after any declare call in the script
in APPPATH\Models\ClienteModel.php on line 3.
 1 [internal function]: CodeIgniter\Debug\Exceptions->shutdownHandler()
CRITICAL - 2026-04-20 13:58:09 --> Namespace declaration statement has to be the very first statement or after any declare call in the script
in APPPATH\Models\ClienteModel.php on line 3.
 1 [internal function]: CodeIgniter\Debug\Exceptions->shutdownHandler()
CRITICAL - 2026-04-20 14:08:20 --> Namespace declaration statement has to be the very first statement or after any declare call in the script
in APPPATH\Models\ClienteModel.php on line 3.
 1 [internal function]: CodeIgniter\Debug\Exceptions->shutdownHandler()
ERROR - 2026-04-20 14:14:55 --> mysqli_sql_exception: Cannot add or update a child row: a foreign key constraint fails (`tdc_grupo_56`.`reserva`, CONSTRAINT `reserva_ibfk_3` FOREIGN KEY (`id_Usuario`) REFERENCES `usuario` (`id_Usuario`)) in C:\xampp\htdocs\TDC_grupo_56\system\Database\MySQLi\Connection.php:295
Stack trace:
#0 C:\xampp\htdocs\TDC_grupo_56\system\Database\MySQLi\Connection.php(295): mysqli->query('INSERT INTO `re...', 0)
#1 C:\xampp\htdocs\TDC_grupo_56\system\Database\BaseConnection.php(691): CodeIgniter\Database\MySQLi\Connection->execute('INSERT INTO `re...')
#2 C:\xampp\htdocs\TDC_grupo_56\system\Database\BaseConnection.php(605): CodeIgniter\Database\BaseConnection->simpleQuery('INSERT INTO `re...')
#3 C:\xampp\htdocs\TDC_grupo_56\system\Database\BaseBuilder.php(2309): CodeIgniter\Database\BaseConnection->query('INSERT INTO `re...', Array, false)
#4 C:\xampp\htdocs\TDC_grupo_56\system\Model.php(330): CodeIgniter\Database\BaseBuilder->insert()
#5 C:\xampp\htdocs\TDC_grupo_56\system\BaseModel.php(782): CodeIgniter\Model->doInsert(Array)
#6 C:\xampp\htdocs\TDC_grupo_56\system\Model.php(730): CodeIgniter\BaseModel->insert(Array, true)
#7 C:\xampp\htdocs\TDC_grupo_56\app\Controllers\ReservaController.php(88): CodeIgniter\Model->insert(Array)
#8 C:\xampp\htdocs\TDC_grupo_56\system\CodeIgniter.php(934): App\Controllers\ReservaController->save()
#9 C:\xampp\htdocs\TDC_grupo_56\system\CodeIgniter.php(499): CodeIgniter\CodeIgniter->runController(Object(App\Controllers\ReservaController))
#10 C:\xampp\htdocs\TDC_grupo_56\system\CodeIgniter.php(368): CodeIgniter\CodeIgniter->handleRequest(NULL, Object(Config\Cache), false)
#11 C:\xampp\htdocs\TDC_grupo_56\public\index.php(67): CodeIgniter\CodeIgniter->run()
#12 {main}
CRITICAL - 2026-04-20 14:14:55 --> Cannot add or update a child row: a foreign key constraint fails (`tdc_grupo_56`.`reserva`, CONSTRAINT `reserva_ibfk_3` FOREIGN KEY (`id_Usuario`) REFERENCES `usuario` (`id_Usuario`))
in SYSTEMPATH\Database\BaseConnection.php on line 645.
 1 SYSTEMPATH\Database\BaseBuilder.php(2309): CodeIgniter\Database\BaseConnection->query('INSERT INTO `reserva` (`fecha_reserva`, `id_cliente`, `nro_recinto`, `id_usuario`, `hora_reserva`, `monto_reserva`, `pagado`, `estado`) VALUES (:fecha_reserva:, :id_cliente:, :nro_recinto:, :id_usuario:, :hora_reserva:, :monto_reserva:, :pagado:, :estado:)', [...], false)
 2 SYSTEMPATH\Model.php(330): CodeIgniter\Database\BaseBuilder->insert()
 3 SYSTEMPATH\BaseModel.php(782): CodeIgniter\Model->doInsert([...])
 4 SYSTEMPATH\Model.php(730): CodeIgniter\BaseModel->insert([...], true)
 5 APPPATH\Controllers\ReservaController.php(88): CodeIgniter\Model->insert([...])
 6 SYSTEMPATH\CodeIgniter.php(934): App\Controllers\ReservaController->save()
 7 SYSTEMPATH\CodeIgniter.php(499): CodeIgniter\CodeIgniter->runController(Object(App\Controllers\ReservaController))
 8 SYSTEMPATH\CodeIgniter.php(368): CodeIgniter\CodeIgniter->handleRequest(null, Object(Config\Cache), false)
 9 FCPATH\index.php(67): CodeIgniter\CodeIgniter->run()
ERROR - 2026-04-20 14:18:51 --> mysqli_sql_exception: Cannot add or update a child row: a foreign key constraint fails (`tdc_grupo_56`.`reserva`, CONSTRAINT `reserva_ibfk_3` FOREIGN KEY (`id_Usuario`) REFERENCES `usuario` (`id_Usuario`)) in C:\xampp\htdocs\TDC_grupo_56\system\Database\MySQLi\Connection.php:295
Stack trace:
#0 C:\xampp\htdocs\TDC_grupo_56\system\Database\MySQLi\Connection.php(295): mysqli->query('INSERT INTO `re...', 0)
#1 C:\xampp\htdocs\TDC_grupo_56\system\Database\BaseConnection.php(691): CodeIgniter\Database\MySQLi\Connection->execute('INSERT INTO `re...')
#2 C:\xampp\htdocs\TDC_grupo_56\system\Database\BaseConnection.php(605): CodeIgniter\Database\BaseConnection->simpleQuery('INSERT INTO `re...')
#3 C:\xampp\htdocs\TDC_grupo_56\system\Database\BaseBuilder.php(2309): CodeIgniter\Database\BaseConnection->query('INSERT INTO `re...', Array, false)
#4 C:\xampp\htdocs\TDC_grupo_56\system\Model.php(330): CodeIgniter\Database\BaseBuilder->insert()
#5 C:\xampp\htdocs\TDC_grupo_56\system\BaseModel.php(782): CodeIgniter\Model->doInsert(Array)
#6 C:\xampp\htdocs\TDC_grupo_56\system\Model.php(730): CodeIgniter\BaseModel->insert(Array, true)
#7 C:\xampp\htdocs\TDC_grupo_56\app\Controllers\ReservaController.php(88): CodeIgniter\Model->insert(Array)
#8 C:\xampp\htdocs\TDC_grupo_56\system\CodeIgniter.php(934): App\Controllers\ReservaController->save()
#9 C:\xampp\htdocs\TDC_grupo_56\system\CodeIgniter.php(499): CodeIgniter\CodeIgniter->runController(Object(App\Controllers\ReservaController))
#10 C:\xampp\htdocs\TDC_grupo_56\system\CodeIgniter.php(368): CodeIgniter\CodeIgniter->handleRequest(NULL, Object(Config\Cache), false)
#11 C:\xampp\htdocs\TDC_grupo_56\public\index.php(67): CodeIgniter\CodeIgniter->run()
#12 {main}
CRITICAL - 2026-04-20 14:18:51 --> Cannot add or update a child row: a foreign key constraint fails (`tdc_grupo_56`.`reserva`, CONSTRAINT `reserva_ibfk_3` FOREIGN KEY (`id_Usuario`) REFERENCES `usuario` (`id_Usuario`))
in SYSTEMPATH\Database\BaseConnection.php on line 645.
 1 SYSTEMPATH\Database\BaseBuilder.php(2309): CodeIgniter\Database\BaseConnection->query('INSERT INTO `reserva` (`fecha_reserva`, `id_cliente`, `nro_recinto`, `id_usuario`, `hora_reserva`, `monto_reserva`, `pagado`, `estado`) VALUES (:fecha_reserva:, :id_cliente:, :nro_recinto:, :id_usuario:, :hora_reserva:, :monto_reserva:, :pagado:, :estado:)', [...], false)
 2 SYSTEMPATH\Model.php(330): CodeIgniter\Database\BaseBuilder->insert()
 3 SYSTEMPATH\BaseModel.php(782): CodeIgniter\Model->doInsert([...])
 4 SYSTEMPATH\Model.php(730): CodeIgniter\BaseModel->insert([...], true)
 5 APPPATH\Controllers\ReservaController.php(88): CodeIgniter\Model->insert([...])
 6 SYSTEMPATH\CodeIgniter.php(934): App\Controllers\ReservaController->save()
 7 SYSTEMPATH\CodeIgniter.php(499): CodeIgniter\CodeIgniter->runController(Object(App\Controllers\ReservaController))
 8 SYSTEMPATH\CodeIgniter.php(368): CodeIgniter\CodeIgniter->handleRequest(null, Object(Config\Cache), false)
 9 FCPATH\index.php(67): CodeIgniter\CodeIgniter->run()
CRITICAL - 2026-04-20 14:26:58 --> syntax error, unexpected end of file
in APPPATH\Controllers\ReservaController.php on line 49.
 1 SYSTEMPATH\Autoloader\Autoloader.php(289): CodeIgniter\Autoloader\Autoloader->includeFile('APPPATH\\Controllers\\ReservaController.php')
 2 SYSTEMPATH\Autoloader\Autoloader.php(267): CodeIgniter\Autoloader\Autoloader->loadInNamespace('App\\Controllers\\ReservaController')
 3 [internal function]: CodeIgniter\Autoloader\Autoloader->loadClass('App\\Controllers\\ReservaController')
 4 [internal function]: spl_autoload_call('App\\Controllers\\ReservaController')
 5 SYSTEMPATH\CodeIgniter.php(892): class_exists('\\App\\Controllers\\ReservaController', true)
 6 SYSTEMPATH\CodeIgniter.php(486): CodeIgniter\CodeIgniter->startController()
 7 SYSTEMPATH\CodeIgniter.php(368): CodeIgniter\CodeIgniter->handleRequest(null, Object(Config\Cache), false)
 8 FCPATH\index.php(67): CodeIgniter\CodeIgniter->run()
CRITICAL - 2026-04-20 14:26:59 --> syntax error, unexpected end of file
in APPPATH\Controllers\ReservaController.php on line 49.
 1 SYSTEMPATH\Autoloader\Autoloader.php(289): CodeIgniter\Autoloader\Autoloader->includeFile('APPPATH\\Controllers\\ReservaController.php')
 2 SYSTEMPATH\Autoloader\Autoloader.php(267): CodeIgniter\Autoloader\Autoloader->loadInNamespace('App\\Controllers\\ReservaController')
 3 [internal function]: CodeIgniter\Autoloader\Autoloader->loadClass('App\\Controllers\\ReservaController')
 4 [internal function]: spl_autoload_call('App\\Controllers\\ReservaController')
 5 SYSTEMPATH\CodeIgniter.php(892): class_exists('\\App\\Controllers\\ReservaController', true)
 6 SYSTEMPATH\CodeIgniter.php(486): CodeIgniter\CodeIgniter->startController()
 7 SYSTEMPATH\CodeIgniter.php(368): CodeIgniter\CodeIgniter->handleRequest(null, Object(Config\Cache), false)
 8 FCPATH\index.php(67): CodeIgniter\CodeIgniter->run()
ERROR - 2026-04-20 15:16:15 --> mysqli_sql_exception: Cannot add or update a child row: a foreign key constraint fails (`tdc_grupo_56`.`reserva`, CONSTRAINT `reserva_ibfk_3` FOREIGN KEY (`id_Usuario`) REFERENCES `usuario` (`id_Usuario`)) in C:\xampp\htdocs\TDC_grupo_56\system\Database\MySQLi\Connection.php:295
Stack trace:
#0 C:\xampp\htdocs\TDC_grupo_56\system\Database\MySQLi\Connection.php(295): mysqli->query('INSERT INTO `re...', 0)
#1 C:\xampp\htdocs\TDC_grupo_56\system\Database\BaseConnection.php(691): CodeIgniter\Database\MySQLi\Connection->execute('INSERT INTO `re...')
#2 C:\xampp\htdocs\TDC_grupo_56\system\Database\BaseConnection.php(605): CodeIgniter\Database\BaseConnection->simpleQuery('INSERT INTO `re...')
#3 C:\xampp\htdocs\TDC_grupo_56\system\Database\BaseBuilder.php(2309): CodeIgniter\Database\BaseConnection->query('INSERT INTO `re...', Array, false)
#4 C:\xampp\htdocs\TDC_grupo_56\system\Model.php(330): CodeIgniter\Database\BaseBuilder->insert()
#5 C:\xampp\htdocs\TDC_grupo_56\system\BaseModel.php(782): CodeIgniter\Model->doInsert(Array)
#6 C:\xampp\htdocs\TDC_grupo_56\system\Model.php(730): CodeIgniter\BaseModel->insert(Array, true)
#7 C:\xampp\htdocs\TDC_grupo_56\app\Controllers\ReservaController.php(89): CodeIgniter\Model->insert(Array)
#8 C:\xampp\htdocs\TDC_grupo_56\system\CodeIgniter.php(934): App\Controllers\ReservaController->save()
#9 C:\xampp\htdocs\TDC_grupo_56\system\CodeIgniter.php(499): CodeIgniter\CodeIgniter->runController(Object(App\Controllers\ReservaController))
#10 C:\xampp\htdocs\TDC_grupo_56\system\CodeIgniter.php(368): CodeIgniter\CodeIgniter->handleRequest(NULL, Object(Config\Cache), false)
#11 C:\xampp\htdocs\TDC_grupo_56\public\index.php(67): CodeIgniter\CodeIgniter->run()
#12 {main}
CRITICAL - 2026-04-20 15:16:15 --> Cannot add or update a child row: a foreign key constraint fails (`tdc_grupo_56`.`reserva`, CONSTRAINT `reserva_ibfk_3` FOREIGN KEY (`id_Usuario`) REFERENCES `usuario` (`id_Usuario`))
in SYSTEMPATH\Database\BaseConnection.php on line 645.
 1 SYSTEMPATH\Database\BaseBuilder.php(2309): CodeIgniter\Database\BaseConnection->query('INSERT INTO `reserva` (`fecha_reserva`, `id_cliente`, `nro_recinto`, `id_usuario`, `hora_reserva`, `monto_reserva`, `pagado`, `estado`) VALUES (:fecha_reserva:, :id_cliente:, :nro_recinto:, :id_usuario:, :hora_reserva:, :monto_reserva:, :pagado:, :estado:)', [...], false)
 2 SYSTEMPATH\Model.php(330): CodeIgniter\Database\BaseBuilder->insert()
 3 SYSTEMPATH\BaseModel.php(782): CodeIgniter\Model->doInsert([...])
 4 SYSTEMPATH\Model.php(730): CodeIgniter\BaseModel->insert([...], true)
 5 APPPATH\Controllers\ReservaController.php(89): CodeIgniter\Model->insert([...])
 6 SYSTEMPATH\CodeIgniter.php(934): App\Controllers\ReservaController->save()
 7 SYSTEMPATH\CodeIgniter.php(499): CodeIgniter\CodeIgniter->runController(Object(App\Controllers\ReservaController))
 8 SYSTEMPATH\CodeIgniter.php(368): CodeIgniter\CodeIgniter->handleRequest(null, Object(Config\Cache), false)
 9 FCPATH\index.php(67): CodeIgniter\CodeIgniter->run()
